<?xml version="1.0" encoding="UTF-8"?>
<!-- Generated by org.testng.reporters.JUnitXMLReporter -->
<testsuite ignored="3" hostname="LAPTOP-9CFRMLT4" failures="0" tests="1" name="ChromeTest" time="5.854" errors="0" timestamp="2025-02-06T20:29:16 IST">
  <testcase classname="testscriptclass.LoginTest1" name="verifyInvalidUsernameAndCorrectPassword" time="0.971"/>
  <testcase classname="testscriptclass.LoginTest1" name="verifyCorrectUsernameAndInvalidPassword" time="0.0">
    <ignored/>
  </testcase> <!-- verifyCorrectUsernameAndInvalidPassword -->
  <testcase classname="testscriptclass.LoginTest1" name="verify_valid_credentials" time="0.0">
    <ignored/>
  </testcase> <!-- verify_valid_credentials -->
  <testcase classname="testscriptclass.LoginTest1" name="verifyInvalidUsernameAndPassword" time="0.0">
    <ignored/>
  </testcase> <!-- verifyInvalidUsernameAndPassword -->
</testsuite> <!-- ChromeTest -->
