<?xml version="1.0" encoding="UTF-8"?>
<!-- Generated by org.testng.reporters.JUnitXMLReporter -->
<testsuite ignored="0" hostname="LAPTOP-9CFRMLT4" failures="0" tests="1" name="Test" time="0.061" errors="0" timestamp="2025-02-04T19:53:16 IST">
  <testcase classname="testscriptclass.Base1" name="@BeforeMethod beforeMethod" time="-1.738678996357E9">
    <failure type="org.testng.TestNGException" message="
Parameter &amp;apos;browzer&amp;apos; is required by BeforeMethod on method beforeMethod but has not been marked @Optional or defined
in C:\Users\GREESHMA GB\eclipse-workspace\7RMartSuperMarket\extendReport.xml">
      <![CDATA[org.testng.TestNGException: 
Parameter 'browzer' is required by BeforeMethod on method beforeMethod but has not been marked @Optional or defined
in C:\Users\GREESHMA GB\eclipse-workspace\7RMartSuperMarket\extendReport.xml
at java.base/java.util.ArrayList.forEach(ArrayList.java:1511)
... Removed 28 stack frames]]>
    </failure>
  </testcase> <!-- @BeforeMethod beforeMethod -->
  <testcase classname="testscriptclass.Base1" name="@AfterMethod afterMethod" time="0.0">
    <skipped/>
  </testcase> <!-- @AfterMethod afterMethod -->
  <testcase classname="testscriptclass.ManageNewsTest" name="search_admin_users" time="0.0">
    <skipped/>
  </testcase> <!-- search_admin_users -->
</testsuite> <!-- Test -->
