<?xml version="1.0" encoding="UTF-8"?>
<testng-results ignored="0" total="2" passed="2" failed="0" skipped="0">
  <reporter-output>
  </reporter-output>
  <suite started-at="2025-02-04T19:53:38 IST" name="Suite" finished-at="2025-02-04T19:53:45 IST" duration-ms="6888">
    <groups>
      <group name="smole">
        <method signature="LoginTest1.verifyInvalidUsernameAndCorrectPassword(java.lang.String,java.lang.String)[pri:0, instance:testscriptclass.LoginTest1@3c77d488]" name="verifyInvalidUsernameAndCorrectPassword" class="testscriptclass.LoginTest1"/>
        <method signature="LoginTest1.verifyInvalidUsernameAndCorrectPassword(java.lang.String,java.lang.String)[pri:0, instance:testscriptclass.LoginTest1@710c2b53]" name="verifyInvalidUsernameAndCorrectPassword" class="testscriptclass.LoginTest1"/>
      </group> <!-- smole -->
    </groups>
    <test started-at="2025-02-04T19:53:38 IST" name="ChromeTest" finished-at="2025-02-04T19:53:41 IST" duration-ms="3555">
      <class name="testscriptclass.LoginTest1">
        <test-method is-config="true" signature="beforeMethod(java.lang.String)[pri:0, instance:testscriptclass.LoginTest1@3c77d488]" started-at="2025-02-04T19:53:38 IST" name="beforeMethod" finished-at="2025-02-04T19:53:40 IST" duration-ms="2270" status="PASS">
          <params>
            <param index="0">
              <value>
                <![CDATA[Chrome]]>
              </value>
            </param>
          </params>
          <reporter-output>
          </reporter-output>
        </test-method> <!-- beforeMethod -->
        <test-method signature="verifyInvalidUsernameAndCorrectPassword(java.lang.String,java.lang.String)[pri:0, instance:testscriptclass.LoginTest1@3c77d488]" started-at="2025-02-04T19:53:40 IST" name="verifyInvalidUsernameAndCorrectPassword" finished-at="2025-02-04T19:53:41 IST" duration-ms="1071" status="PASS">
          <params>
            <param index="0">
              <value>
                <![CDATA[gddff]]>
              </value>
            </param>
            <param index="1">
              <value>
                <![CDATA[admin]]>
              </value>
            </param>
          </params>
          <reporter-output>
          </reporter-output>
        </test-method> <!-- verifyInvalidUsernameAndCorrectPassword -->
        <test-method is-config="true" signature="afterMethod(org.testng.ITestResult)[pri:0, instance:testscriptclass.LoginTest1@3c77d488]" started-at="2025-02-04T19:53:41 IST" name="afterMethod" finished-at="2025-02-04T19:53:41 IST" duration-ms="176" status="PASS">
          <params>
            <param index="0">
              <value>
                <![CDATA[[TestResult name=verifyInvalidUsernameAndCorrectPassword status=SUCCESS method=LoginTest1.verifyInvalidUsernameAndCorrectPassword(java.lang.String,java.lang.String)[pri:0, instance:testscriptclass.LoginTest1@3c77d488] output={null}]]]>
              </value>
            </param>
          </params>
          <reporter-output>
          </reporter-output>
        </test-method> <!-- afterMethod -->
      </class> <!-- testscriptclass.LoginTest1 -->
    </test> <!-- ChromeTest -->
    <test started-at="2025-02-04T19:53:41 IST" name="EdgeTest" finished-at="2025-02-04T19:53:45 IST" duration-ms="3287">
      <class name="testscriptclass.LoginTest1">
        <test-method is-config="true" signature="beforeMethod(java.lang.String)[pri:0, instance:testscriptclass.LoginTest1@710c2b53]" started-at="2025-02-04T19:53:41 IST" name="beforeMethod" finished-at="2025-02-04T19:53:43 IST" duration-ms="1523" status="PASS">
          <params>
            <param index="0">
              <value>
                <![CDATA[Edge]]>
              </value>
            </param>
          </params>
          <reporter-output>
          </reporter-output>
        </test-method> <!-- beforeMethod -->
        <test-method signature="verifyInvalidUsernameAndCorrectPassword(java.lang.String,java.lang.String)[pri:0, instance:testscriptclass.LoginTest1@710c2b53]" started-at="2025-02-04T19:53:43 IST" name="verifyInvalidUsernameAndCorrectPassword" finished-at="2025-02-04T19:53:43 IST" duration-ms="481" status="PASS">
          <params>
            <param index="0">
              <value>
                <![CDATA[gddff]]>
              </value>
            </param>
            <param index="1">
              <value>
                <![CDATA[admin]]>
              </value>
            </param>
          </params>
          <reporter-output>
          </reporter-output>
        </test-method> <!-- verifyInvalidUsernameAndCorrectPassword -->
        <test-method is-config="true" signature="afterMethod(org.testng.ITestResult)[pri:0, instance:testscriptclass.LoginTest1@710c2b53]" started-at="2025-02-04T19:53:43 IST" name="afterMethod" finished-at="2025-02-04T19:53:45 IST" duration-ms="1280" status="PASS">
          <params>
            <param index="0">
              <value>
                <![CDATA[[TestResult name=verifyInvalidUsernameAndCorrectPassword status=SUCCESS method=LoginTest1.verifyInvalidUsernameAndCorrectPassword(java.lang.String,java.lang.String)[pri:0, instance:testscriptclass.LoginTest1@710c2b53] output={null}]]]>
              </value>
            </param>
          </params>
          <reporter-output>
          </reporter-output>
        </test-method> <!-- afterMethod -->
      </class> <!-- testscriptclass.LoginTest1 -->
    </test> <!-- EdgeTest -->
  </suite> <!-- Suite -->
</testng-results>
